<?xml version="1.0" encoding="UTF-8"?>
<testsuite xmlns:xsi="http://www.w3.org/2001/XMLSchema-instance" xsi:noNamespaceSchemaLocation="https://maven.apache.org/surefire/maven-surefire-plugin/xsd/surefire-test-report-3.0.xsd" version="3.0" name="com.portfolio.portfolio.PortfolioApplicationTests" time="83.671" tests="1" errors="0" skipped="0" failures="0">
  <properties>
[...]
</properties>
  <testcase name="contextLoads" classname="com.portfolio.portfolio.PortfolioApplicationTests" time="1.889">
    <system-out><![CDATA[18:02:40.496 [main] INFO org.springframework.test.context.support.AnnotationConfigContextLoaderUtils -- Could not detect default configuration classes for test class [com.portfolio.portfolio.PortfolioApplicationTests]: PortfolioApplicationTests does not declare any static, non-private, non-final, nested classes annotated with @Configuration.
18:02:40.950 [main] INFO org.springframework.boot.test.context.SpringBootTestContextBootstrapper -- Found @SpringBootConfiguration com.portfolio.portfolio.PortfolioApplication for test class com.portfolio.portfolio.PortfolioApplicationTests

  .   ____          _            __ _ _
 /\\ / ___'_ __ _ _(_)_ __  __ _ \ \ \ \
( ( )\___ | '_ | '_| | '_ \/ _` | \ \ \ \
 \\/  ___)| |_)| | | | | || (_| |  ) ) ) )
  '  |____| .__|_| |_|_| |_\__, | / / / /
 =========|_|==============|___/=/_/_/_/
 :: Spring Boot ::                (v3.1.0)

2023-08-04T18:02:43.246-03:00  INFO 6340 --- [           main] c.p.portfolio.PortfolioApplicationTests  : Starting PortfolioApplicationTests using Java 17.0.8 with PID 6340 (started by Juanjo in C:\AAPROYECTO\AAPROYECTO\aaproyecto\BACKEND\portfolio)
2023-08-04T18:02:43.253-03:00  INFO 6340 --- [           main] c.p.portfolio.PortfolioApplicationTests  : No active profile set, falling back to 1 default profile: "default"
2023-08-04T18:02:56.357-03:00  INFO 6340 --- [           main] .s.d.r.c.RepositoryConfigurationDelegate : Bootstrapping Spring Data JPA repositories in DEFAULT mode.
2023-08-04T18:02:57.219-03:00  INFO 6340 --- [           main] .s.d.r.c.RepositoryConfigurationDelegate : Finished Spring Data repository scanning in 781 ms. Found 5 JPA repository interfaces.
2023-08-04T18:03:10.051-03:00  INFO 6340 --- [           main] o.hibernate.jpa.internal.util.LogHelper  : HHH000204: Processing PersistenceUnitInfo [name: default]
2023-08-04T18:03:11.917-03:00  INFO 6340 --- [           main] org.hibernate.Version                    : HHH000412: Hibernate ORM core version 6.2.2.Final
2023-08-04T18:03:11.963-03:00  INFO 6340 --- [           main] org.hibernate.cfg.Environment            : HHH000406: Using bytecode reflection optimizer
2023-08-04T18:03:15.274-03:00  INFO 6340 --- [           main] o.h.b.i.BytecodeProviderInitiator        : HHH000021: Bytecode provider name : bytebuddy
2023-08-04T18:03:17.282-03:00  INFO 6340 --- [           main] o.s.o.j.p.SpringPersistenceUnitInfo      : No LoadTimeWeaver setup: ignoring JPA class transformer
2023-08-04T18:03:17.782-03:00  INFO 6340 --- [           main] com.zaxxer.hikari.HikariDataSource       : HikariPool-1 - Starting...
2023-08-04T18:03:23.625-03:00  INFO 6340 --- [           main] com.zaxxer.hikari.pool.HikariPool        : HikariPool-1 - Added connection com.mysql.cj.jdbc.ConnectionImpl@7e8f23ad
2023-08-04T18:03:23.639-03:00  INFO 6340 --- [           main] com.zaxxer.hikari.HikariDataSource       : HikariPool-1 - Start completed.
2023-08-04T18:03:24.325-03:00  INFO 6340 --- [           main] org.hibernate.orm.dialect                : HHH035001: Using dialect: org.hibernate.dialect.MySQL8Dialect, version: 8.0
2023-08-04T18:03:24.345-03:00  WARN 6340 --- [           main] org.hibernate.orm.deprecation            : HHH90000026: MySQL8Dialect has been deprecated; use org.hibernate.dialect.MySQLDialect instead
2023-08-04T18:03:28.411-03:00  INFO 6340 --- [           main] o.h.b.i.BytecodeProviderInitiator        : HHH000021: Bytecode provider name : bytebuddy
2023-08-04T18:03:38.920-03:00  INFO 6340 --- [           main] o.h.e.t.j.p.i.JtaPlatformInitiator       : HHH000490: Using JtaPlatform implementation: [org.hibernate.engine.transaction.jta.platform.internal.NoJtaPlatform]
2023-08-04T18:03:41.989-03:00  INFO 6340 --- [           main] j.LocalContainerEntityManagerFactoryBean : Initialized JPA EntityManagerFactory for persistence unit 'default'
2023-08-04T18:03:55.770-03:00  WARN 6340 --- [           main] JpaBaseConfiguration$JpaWebConfiguration : spring.jpa.open-in-view is enabled by default. Therefore, database queries may be performed during view rendering. Explicitly configure spring.jpa.open-in-view to disable this warning
2023-08-04T18:03:59.863-03:00  INFO 6340 --- [           main] o.s.s.web.DefaultSecurityFilterChain     : Will secure any request with [org.springframework.security.web.session.DisableEncodeUrlFilter@2e7563f6, org.springframework.security.web.context.request.async.WebAsyncManagerIntegrationFilter@72fa021, org.springframework.security.web.context.SecurityContextHolderFilter@3ce4eb42, org.springframework.security.web.header.HeaderWriterFilter@49bf5ec8, org.springframework.web.filter.CorsFilter@1c3400df, org.springframework.security.web.authentication.logout.LogoutFilter@1104cf3a, com.portfolio.portfolio.Security.jwt.JwtTokenFilter@30dd23e2, org.springframework.security.web.savedrequest.RequestCacheAwareFilter@3054cdd3, org.springframework.security.web.servletapi.SecurityContextHolderAwareRequestFilter@755a4ef5, org.springframework.security.web.authentication.AnonymousAuthenticationFilter@7be9e9fc, org.springframework.security.web.session.SessionManagementFilter@12d28106, org.springframework.security.web.access.ExceptionTranslationFilter@10264cb0, org.springframework.security.web.access.intercept.AuthorizationFilter@5b5e45bc]
2023-08-04T18:04:01.519-03:00  INFO 6340 --- [           main] c.p.portfolio.PortfolioApplicationTests  : Started PortfolioApplicationTests in 79.859 seconds (process running for 84.031)
]]></system-out>
  </testcase>
</testsuite>